#
# There is insufficient memory for the Java Runtime Environment to continue.
# Native memory allocation (malloc) failed to allocate 1898304 bytes for Chunk::new
# Possible reasons:
#   The system is out of physical RAM or swap space
#   In 32 bit mode, the process size limit was hit
# Possible solutions:
#   Reduce memory load on the system
#   Increase physical memory or swap space
#   Check if swap backing store is full
#   Use 64 bit Java on a 64 bit OS
#   Decrease Java heap size (-Xmx/-Xms)
#   Decrease number of Java threads
#   Decrease Java thread stack sizes (-Xss)
#   Set larger code cache with -XX:ReservedCodeCacheSize=
# This output file may be truncated or incomplete.
#
#  Out of Memory Error (allocation.cpp:390), pid=22900, tid=4404
#
# JRE version: Java(TM) SE Runtime Environment (8.0_45-b15) (build 1.8.0_45-b15)
# Java VM: Java HotSpot(TM) 64-Bit Server VM (25.45-b02 mixed mode windows-amd64 compressed oops)
# Failed to write core dump. Minidumps are not enabled by default on client versions of Windows
#

---------------  T H R E A D  ---------------

Current thread (0x000000001dd44800):  JavaThread "C2 CompilerThread0" daemon [_thread_in_native, id=4404, stack(0x000000001f280000,0x000000001f380000)]

Stack: [0x000000001f280000,0x000000001f380000]
Native frames: (J=compiled Java code, j=interpreted, Vv=VM code, C=native code)
V  [jvm.dll+0x32b57a]
V  [jvm.dll+0x279873]
V  [jvm.dll+0x27a509]
V  [jvm.dll+0x271825]
V  [jvm.dll+0xcb9e2]
V  [jvm.dll+0xcbeac]
V  [jvm.dll+0x4929e7]
V  [jvm.dll+0x45f8ca]
V  [jvm.dll+0x46a73b]
V  [jvm.dll+0x46cd52]
V  [jvm.dll+0x4500f2]
V  [jvm.dll+0xa4352]
V  [jvm.dll+0xa4c8f]
V  [jvm.dll+0x241984]
V  [jvm.dll+0x29853a]
C  [msvcr100.dll+0x21d9f]
C  [msvcr100.dll+0x21e3b]
C  [KERNEL32.DLL+0x154e0]
C  [ntdll.dll+0x485b]


Current CompileTask:
C2:   4862 4704   !   4       lombok.javac.JavacAST::drill (146 bytes)


---------------  P R O C E S S  ---------------

Java Threads: ( => current thread )
  0x000000001ddd8800 JavaThread "Service Thread" daemon [_thread_blocked, id=18324, stack(0x000000001f680000,0x000000001f780000)]
  0x000000001c60e000 JavaThread "C1 CompilerThread3" daemon [_thread_blocked, id=13036, stack(0x000000001f580000,0x000000001f680000)]
  0x000000001c60d000 JavaThread "C2 CompilerThread2" daemon [_thread_in_native, id=17984, stack(0x000000001f480000,0x000000001f580000)]
  0x000000001dd4a000 JavaThread "C2 CompilerThread1" daemon [_thread_in_native, id=13676, stack(0x000000001f380000,0x000000001f480000)]
=>0x000000001dd44800 JavaThread "C2 CompilerThread0" daemon [_thread_in_native, id=4404, stack(0x000000001f280000,0x000000001f380000)]
  0x000000001dcf8800 JavaThread "Attach Listener" daemon [_thread_blocked, id=18876, stack(0x000000001f180000,0x000000001f280000)]
  0x000000001dcdf800 JavaThread "Signal Dispatcher" daemon [_thread_blocked, id=18168, stack(0x000000001f080000,0x000000001f180000)]
  0x0000000002a5d800 JavaThread "Finalizer" daemon [_thread_blocked, id=14980, stack(0x000000001ef70000,0x000000001f070000)]
  0x000000001c5fc800 JavaThread "Reference Handler" daemon [_thread_blocked, id=21824, stack(0x000000001ee70000,0x000000001ef70000)]
  0x00000000024be000 JavaThread "main" [_thread_in_Java, id=23036, stack(0x0000000002860000,0x0000000002960000)]

Other Threads:
  0x000000001c5f5800 VMThread [stack: 0x000000001ed70000,0x000000001ee70000] [id=11988]
  0x000000001dddb000 WatcherThread [stack: 0x000000001f780000,0x000000001f880000] [id=20348]

VM state:not at safepoint (normal execution)

VM Mutex/Monitor currently owned by a thread: None

Heap:
 PSYoungGen      total 280064K, used 155658K [0x000000076b800000, 0x000000077de00000, 0x00000007c0000000)
  eden space 260096K, 59% used [0x000000076b800000,0x0000000775002b70,0x000000077b600000)
  from space 19968K, 0% used [0x000000077ca80000,0x000000077ca80000,0x000000077de00000)
  to   space 20480K, 0% used [0x000000077b600000,0x000000077b600000,0x000000077ca00000)
 ParOldGen       total 142336K, used 27730K [0x00000006c2800000, 0x00000006cb300000, 0x000000076b800000)
  object space 142336K, 19% used [0x00000006c2800000,0x00000006c4314ae8,0x00000006cb300000)
 Metaspace       used 24422K, capacity 25188K, committed 25264K, reserved 1071104K
  class space    used 2835K, capacity 2968K, committed 2992K, reserved 1048576K

Card table byte_map: [0x0000000011e20000,0x0000000012610000] byte_map_base: 0x000000000e80c000

Marking Bits: (ParMarkBitMap*) 0x000000005af24040
 Begin Bits: [0x0000000013560000, 0x00000000174c0000)
 End Bits:   [0x00000000174c0000, 0x000000001b420000)

Polling page: 0x0000000002480000

CodeCache: size=245760Kb used=16247Kb max_used=16247Kb free=229512Kb
 bounds [0x0000000002a60000, 0x0000000003a50000, 0x0000000011a60000]
 total_blobs=4867 nmethods=4447 adapters=332
 compilation: enabled

Compilation events (10 events):
Event: 4.834 Thread 0x000000001c60e000 4902       3       com.sun.tools.javac.tree.JCTree$JCMethodInvocation::accept (6 bytes)
Event: 4.834 Thread 0x000000001c60e000 nmethod 4902 0x0000000003a49a50 code [0x0000000003a49bc0, 0x0000000003a49de8]
Event: 4.834 Thread 0x000000001c60e000 4901       3       com.sun.tools.javac.tree.JCTree$JCLiteral::accept (6 bytes)
Event: 4.834 Thread 0x000000001c60e000 nmethod 4901 0x0000000003a49ed0 code [0x0000000003a4a040, 0x0000000003a4a268]
Event: 4.834 Thread 0x000000001c60e000 4900       3       com.sun.tools.javac.tree.TreeScanner::visitAnnotation (17 bytes)
Event: 4.835 Thread 0x000000001c60e000 nmethod 4900 0x0000000003a4a350 code [0x0000000003a4a500, 0x0000000003a4abf8]
Event: 4.835 Thread 0x000000001c60e000 4899       3       java.util.RegularEnumSet::remove (74 bytes)
Event: 4.835 Thread 0x000000001c60e000 nmethod 4899 0x0000000003a4ae10 code [0x0000000003a4afa0, 0x0000000003a4b548]
Event: 4.837 Thread 0x000000001c60e000 4903   !   3       com.sun.tools.javac.comp.Enter::classEnter (64 bytes)
Event: 4.837 Thread 0x000000001c60e000 nmethod 4903 0x0000000003a4b690 code [0x0000000003a4b820, 0x0000000003a4bc78]

GC Heap History (10 events):
Event: 1.889 GC heap before
{Heap before GC invocations=3 (full 0):
 PSYoungGen      total 75776K, used 75749K [0x000000076b800000, 0x0000000770c80000, 0x00000007c0000000)
  eden space 65024K, 100% used [0x000000076b800000,0x000000076f780000,0x000000076f780000)
  from space 10752K, 99% used [0x0000000770200000,0x0000000770c79408,0x0000000770c80000)
  to   space 10752K, 0% used [0x000000076f780000,0x000000076f780000,0x0000000770200000)
 ParOldGen       total 173568K, used 1022K [0x00000006c2800000, 0x00000006cd180000, 0x000000076b800000)
  object space 173568K, 0% used [0x00000006c2800000,0x00000006c28ff8d8,0x00000006cd180000)
 Metaspace       used 15842K, capacity 16210K, committed 16384K, reserved 1062912K
  class space    used 1889K, capacity 1988K, committed 2048K, reserved 1048576K
Event: 1.897 GC heap after
Heap after GC invocations=3 (full 0):
 PSYoungGen      total 75776K, used 10744K [0x000000076b800000, 0x0000000774c00000, 0x00000007c0000000)
  eden space 65024K, 0% used [0x000000076b800000,0x000000076b800000,0x000000076f780000)
  from space 10752K, 99% used [0x000000076f780000,0x00000007701fe050,0x0000000770200000)
  to   space 10752K, 0% used [0x0000000774180000,0x0000000774180000,0x0000000774c00000)
 ParOldGen       total 173568K, used 4784K [0x00000006c2800000, 0x00000006cd180000, 0x000000076b800000)
  object space 173568K, 2% used [0x00000006c2800000,0x00000006c2cac388,0x00000006cd180000)
 Metaspace       used 15842K, capacity 16210K, committed 16384K, reserved 1062912K
  class space    used 1889K, capacity 1988K, committed 2048K, reserved 1048576K
}
Event: 2.168 GC heap before
{Heap before GC invocations=4 (full 0):
 PSYoungGen      total 75776K, used 75768K [0x000000076b800000, 0x0000000774c00000, 0x00000007c0000000)
  eden space 65024K, 100% used [0x000000076b800000,0x000000076f780000,0x000000076f780000)
  from space 10752K, 99% used [0x000000076f780000,0x00000007701fe050,0x0000000770200000)
  to   space 10752K, 0% used [0x0000000774180000,0x0000000774180000,0x0000000774c00000)
 ParOldGen       total 173568K, used 4784K [0x00000006c2800000, 0x00000006cd180000, 0x000000076b800000)
  object space 173568K, 2% used [0x00000006c2800000,0x00000006c2cac388,0x00000006cd180000)
 Metaspace       used 16081K, capacity 16414K, committed 16640K, reserved 1064960K
  class space    used 1890K, capacity 1990K, committed 2048K, reserved 1048576K
Event: 2.179 GC heap after
Heap after GC invocations=4 (full 0):
 PSYoungGen      total 140800K, used 10744K [0x000000076b800000, 0x0000000774c00000, 0x00000007c0000000)
  eden space 130048K, 0% used [0x000000076b800000,0x000000076b800000,0x0000000773700000)
  from space 10752K, 99% used [0x0000000774180000,0x0000000774bfe050,0x0000000774c00000)
  to   space 10752K, 0% used [0x0000000773700000,0x0000000773700000,0x0000000774180000)
 ParOldGen       total 173568K, used 11015K [0x00000006c2800000, 0x00000006cd180000, 0x000000076b800000)
  object space 173568K, 6% used [0x00000006c2800000,0x00000006c32c1d90,0x00000006cd180000)
 Metaspace       used 16081K, capacity 16414K, committed 16640K, reserved 1064960K
  class space    used 1890K, capacity 1990K, committed 2048K, reserved 1048576K
}
Event: 3.092 GC heap before
{Heap before GC invocations=5 (full 0):
 PSYoungGen      total 140800K, used 140792K [0x000000076b800000, 0x0000000774c00000, 0x00000007c0000000)
  eden space 130048K, 100% used [0x000000076b800000,0x0000000773700000,0x0000000773700000)
  from space 10752K, 99% used [0x0000000774180000,0x0000000774bfe050,0x0000000774c00000)
  to   space 10752K, 0% used [0x0000000773700000,0x0000000773700000,0x0000000774180000)
 ParOldGen       total 173568K, used 11015K [0x00000006c2800000, 0x00000006cd180000, 0x000000076b800000)
  object space 173568K, 6% used [0x00000006c2800000,0x00000006c32c1d90,0x00000006cd180000)
 Metaspace       used 17466K, capacity 18004K, committed 18304K, reserved 1064960K
  class space    used 2012K, capacity 2131K, committed 2176K, reserved 1048576K
Event: 3.104 GC heap after
Heap after GC invocations=5 (full 0):
 PSYoungGen      total 140800K, used 10728K [0x000000076b800000, 0x000000077df00000, 0x00000007c0000000)
  eden space 130048K, 0% used [0x000000076b800000,0x000000076b800000,0x0000000773700000)
  from space 10752K, 99% used [0x0000000773700000,0x000000077417a060,0x0000000774180000)
  to   space 20992K, 0% used [0x000000077ca80000,0x000000077ca80000,0x000000077df00000)
 ParOldGen       total 173568K, used 18477K [0x00000006c2800000, 0x00000006cd180000, 0x000000076b800000)
  object space 173568K, 10% used [0x00000006c2800000,0x00000006c3a0b650,0x00000006cd180000)
 Metaspace       used 17466K, capacity 18004K, committed 18304K, reserved 1064960K
  class space    used 2012K, capacity 2131K, committed 2176K, reserved 1048576K
}
Event: 3.352 GC heap before
{Heap before GC invocations=6 (full 0):
 PSYoungGen      total 140800K, used 39125K [0x000000076b800000, 0x000000077df00000, 0x00000007c0000000)
  eden space 130048K, 21% used [0x000000076b800000,0x000000076d3bb4f8,0x0000000773700000)
  from space 10752K, 99% used [0x0000000773700000,0x000000077417a060,0x0000000774180000)
  to   space 20992K, 0% used [0x000000077ca80000,0x000000077ca80000,0x000000077df00000)
 ParOldGen       total 173568K, used 18477K [0x00000006c2800000, 0x00000006cd180000, 0x000000076b800000)
  object space 173568K, 10% used [0x00000006c2800000,0x00000006c3a0b650,0x00000006cd180000)
 Metaspace       used 20629K, capacity 21204K, committed 21296K, reserved 1069056K
  class space    used 2433K, capacity 2563K, committed 2608K, reserved 1048576K
Event: 3.362 GC heap after
Heap after GC invocations=6 (full 0):
 PSYoungGen      total 280064K, used 12656K [0x000000076b800000, 0x000000077de00000, 0x00000007c0000000)
  eden space 260096K, 0% used [0x000000076b800000,0x000000076b800000,0x000000077b600000)
  from space 19968K, 63% used [0x000000077ca80000,0x000000077d6dc3e0,0x000000077de00000)
  to   space 20480K, 0% used [0x000000077b600000,0x000000077b600000,0x000000077ca00000)
 ParOldGen       total 173568K, used 18485K [0x00000006c2800000, 0x00000006cd180000, 0x000000076b800000)
  object space 173568K, 10% used [0x00000006c2800000,0x00000006c3a0d650,0x00000006cd180000)
 Metaspace       used 20629K, capacity 21204K, committed 21296K, reserved 1069056K
  class space    used 2433K, capacity 2563K, committed 2608K, reserved 1048576K
}
Event: 3.362 GC heap before
{Heap before GC invocations=7 (full 1):
 PSYoungGen      total 280064K, used 12656K [0x000000076b800000, 0x000000077de00000, 0x00000007c0000000)
  eden space 260096K, 0% used [0x000000076b800000,0x000000076b800000,0x000000077b600000)
  from space 19968K, 63% used [0x000000077ca80000,0x000000077d6dc3e0,0x000000077de00000)
  to   space 20480K, 0% used [0x000000077b600000,0x000000077b600000,0x000000077ca00000)
 ParOldGen       total 173568K, used 18485K [0x00000006c2800000, 0x00000006cd180000, 0x000000076b800000)
  object space 173568K, 10% used [0x00000006c2800000,0x00000006c3a0d650,0x00000006cd180000)
 Metaspace       used 20629K, capacity 21204K, committed 21296K, reserved 1069056K
  class space    used 2433K, capacity 2563K, committed 2608K, reserved 1048576K
Event: 3.485 GC heap after
Heap after GC invocations=7 (full 1):
 PSYoungGen      total 280064K, used 0K [0x000000076b800000, 0x000000077de00000, 0x00000007c0000000)
  eden space 260096K, 0% used [0x000000076b800000,0x000000076b800000,0x000000077b600000)
  from space 19968K, 0% used [0x000000077ca80000,0x000000077ca80000,0x000000077de00000)
  to   space 20480K, 0% used [0x000000077b600000,0x000000077b600000,0x000000077ca00000)
 ParOldGen       total 142336K, used 27730K [0x00000006c2800000, 0x00000006cb300000, 0x000000076b800000)
  object space 142336K, 19% used [0x00000006c2800000,0x00000006c4314ae8,0x00000006cb300000)
 Metaspace       used 20629K, capacity 21204K, committed 21296K, reserved 1069056K
  class space    used 2433K, capacity 2563K, committed 2608K, reserved 1048576K
}

Deoptimization events (10 events):
Event: 4.435 Thread 0x00000000024be000 Uncommon trap: reason=class_check action=maybe_recompile pc=0x0000000002c52ac4 method=java.util.zip.InflaterInputStream.read([BII)I @ 100
Event: 4.435 Thread 0x00000000024be000 Uncommon trap: reason=class_check action=maybe_recompile pc=0x0000000002c52ac4 method=java.util.zip.InflaterInputStream.read([BII)I @ 100
Event: 4.435 Thread 0x00000000024be000 Uncommon trap: reason=class_check action=maybe_recompile pc=0x0000000002c52ac4 method=java.util.zip.InflaterInputStream.read([BII)I @ 100
Event: 4.587 Thread 0x00000000024be000 Uncommon trap: reason=null_check action=maybe_recompile pc=0x0000000003396010 method=java.util.regex.Matcher.getTextLength()I @ 4
Event: 4.590 Thread 0x00000000024be000 Uncommon trap: reason=null_check action=maybe_recompile pc=0x0000000003396010 method=java.util.regex.Matcher.getTextLength()I @ 4
Event: 4.594 Thread 0x00000000024be000 Uncommon trap: reason=null_check action=maybe_recompile pc=0x0000000003396010 method=java.util.regex.Matcher.getTextLength()I @ 4
Event: 4.595 Thread 0x00000000024be000 Uncommon trap: reason=null_check action=maybe_recompile pc=0x00000000034573e8 method=java.util.regex.Matcher.getTextLength()I @ 4
Event: 4.597 Thread 0x00000000024be000 Uncommon trap: reason=null_check action=maybe_recompile pc=0x00000000030f1c80 method=java.util.regex.Matcher.getTextLength()I @ 4
Event: 4.622 Thread 0x00000000024be000 Uncommon trap: reason=unstable_if action=reinterpret pc=0x0000000002fe74d8 method=com.sun.tools.javac.code.Symbol$TypeSymbol.formFlatName(Lcom/sun/tools/javac/util/Name;Lcom/sun/tools/javac/code/Symbol;)Lcom/sun/tools/javac/util/Name; @ 73
Event: 4.828 Thread 0x00000000024be000 Uncommon trap: reason=unstable_if action=reinterpret pc=0x000000000320a644 method=java.io.BufferedWriter.flushBuffer()V @ 15

Internal exceptions (10 events):
Event: 4.304 Thread 0x00000000024be000 Implicit null exception at 0x0000000002d25cad to 0x0000000002d264d1
Event: 4.385 Thread 0x00000000024be000 Implicit null exception at 0x00000000031361b3 to 0x00000000031365dd
Event: 4.387 Thread 0x00000000024be000 Implicit null exception at 0x000000000312c395 to 0x000000000312c599
Event: 4.587 Thread 0x00000000024be000 Implicit null exception at 0x0000000003395ebb to 0x0000000003396001
Event: 4.590 Thread 0x00000000024be000 Implicit null exception at 0x0000000003395ebb to 0x0000000003396001
Event: 4.594 Thread 0x00000000024be000 Implicit null exception at 0x0000000003395ebb to 0x0000000003396001
Event: 4.595 Thread 0x00000000024be000 Implicit null exception at 0x00000000034572b9 to 0x00000000034573dd
Event: 4.597 Thread 0x00000000024be000 Implicit null exception at 0x00000000030f1bf0 to 0x00000000030f1c75
Event: 4.598 Thread 0x00000000024be000 NullPointerException in IC check 0x0000000002b6c500
Event: 4.598 Thread 0x00000000024be000 Exception <a 'java/lang/NullPointerException'> (0x00000007734a0a10) thrown at [C:\re\workspace\8-2-build-windows-amd64-cygwin\jdk8u45\3627\hotspot\src\share\vm\runtime\sharedRuntime.cpp, line 605]

Events (10 events):
Event: 4.620 loading class org/apache/logging/log4j/core/config/plugins/processor/PluginProcessor
Event: 4.620 loading class org/apache/logging/log4j/core/config/plugins/processor/PluginProcessor done
Event: 4.621 loading class org/apache/logging/log4j/core/config/plugins/processor/PluginCache
Event: 4.621 loading class org/apache/logging/log4j/core/config/plugins/processor/PluginCache done
Event: 4.622 Thread 0x00000000024be000 Uncommon trap: trap_request=0xffffff65 fr.pc=0x0000000002fe74d8
Event: 4.622 Thread 0x00000000024be000 DEOPT PACKING pc=0x0000000002fe74d8 sp=0x000000000295d960
Event: 4.622 Thread 0x00000000024be000 DEOPT UNPACKING pc=0x0000000002aa582a sp=0x000000000295d8f0 mode 2
Event: 4.828 Thread 0x00000000024be000 Uncommon trap: trap_request=0xffffff65 fr.pc=0x000000000320a644
Event: 4.828 Thread 0x00000000024be000 DEOPT PACKING pc=0x000000000320a644 sp=0x000000000295dc50
Event: 4.828 Thread 0x00000000024be000 DEOPT UNPACKING pc=0x0000000002aa582a sp=0x000000000295dc18 mode 2


Dynamic libraries:
0x00007ff6d9ee0000 - 0x00007ff6d9f17000 	C:\Program Files\Java\jdk1.8.0_45\bin\java.exe
0x00007ffe9c660000 - 0x00007ffe9c869000 	C:\WINDOWS\SYSTEM32\ntdll.dll
0x00007ffe9a510000 - 0x00007ffe9a5cd000 	C:\WINDOWS\System32\KERNEL32.DLL
0x00007ffe99fe0000 - 0x00007ffe9a35c000 	C:\WINDOWS\System32\KERNELBASE.dll
0x00007ffe9bf70000 - 0x00007ffe9c01e000 	C:\WINDOWS\System32\ADVAPI32.dll
0x00007ffe9bec0000 - 0x00007ffe9bf63000 	C:\WINDOWS\System32\msvcrt.dll
0x00007ffe9afa0000 - 0x00007ffe9b03e000 	C:\WINDOWS\System32\sechost.dll
0x00007ffe9ad60000 - 0x00007ffe9ae80000 	C:\WINDOWS\System32\RPCRT4.dll
0x00007ffe9a5f0000 - 0x00007ffe9a79d000 	C:\WINDOWS\System32\USER32.dll
0x00007ffe9a360000 - 0x00007ffe9a386000 	C:\WINDOWS\System32\win32u.dll
0x00007ffe9c500000 - 0x00007ffe9c529000 	C:\WINDOWS\System32\GDI32.dll
0x00007ffe99d50000 - 0x00007ffe99e69000 	C:\WINDOWS\System32\gdi32full.dll
0x00007ffe9a390000 - 0x00007ffe9a42d000 	C:\WINDOWS\System32\msvcp_win.dll
0x00007ffe99c30000 - 0x00007ffe99d41000 	C:\WINDOWS\System32\ucrtbase.dll
0x00007ffe7ac30000 - 0x00007ffe7aed5000 	C:\WINDOWS\WinSxS\amd64_microsoft.windows.common-controls_6595b64144ccf1df_6.0.22000.120_none_9d947278b86cc467\COMCTL32.dll
0x00007ffe9aef0000 - 0x00007ffe9af21000 	C:\WINDOWS\System32\IMM32.DLL
0x000000005afb0000 - 0x000000005b082000 	C:\Program Files\Java\jdk1.8.0_45\jre\bin\msvcr100.dll
0x000000005a720000 - 0x000000005afa3000 	C:\Program Files\Java\jdk1.8.0_45\jre\bin\server\jvm.dll
0x00007ffe9bdc0000 - 0x00007ffe9bdc8000 	C:\WINDOWS\System32\PSAPI.DLL
0x00007ffe96430000 - 0x00007ffe96439000 	C:\WINDOWS\SYSTEM32\WSOCK32.dll
0x00007ffe93310000 - 0x00007ffe93343000 	C:\WINDOWS\SYSTEM32\WINMM.dll
0x00007ffe93540000 - 0x00007ffe9354a000 	C:\WINDOWS\SYSTEM32\VERSION.dll
0x00007ffe9c5b0000 - 0x00007ffe9c61f000 	C:\WINDOWS\System32\WS2_32.dll
0x000000005a710000 - 0x000000005a71f000 	C:\Program Files\Java\jdk1.8.0_45\jre\bin\verify.dll
0x000000005a6e0000 - 0x000000005a709000 	C:\Program Files\Java\jdk1.8.0_45\jre\bin\java.dll
0x000000005a6c0000 - 0x000000005a6d6000 	C:\Program Files\Java\jdk1.8.0_45\jre\bin\zip.dll
0x00007ffe9b040000 - 0x00007ffe9b7f8000 	C:\WINDOWS\System32\SHELL32.dll
0x00007ffe97cb0000 - 0x00007ffe98518000 	C:\WINDOWS\SYSTEM32\windows.storage.dll
0x00007ffe9a9e0000 - 0x00007ffe9ad59000 	C:\WINDOWS\System32\combase.dll
0x00007ffe97b40000 - 0x00007ffe97ca6000 	C:\WINDOWS\SYSTEM32\wintypes.dll
0x00007ffe9bdd0000 - 0x00007ffe9beba000 	C:\WINDOWS\System32\SHCORE.dll
0x00007ffe9a860000 - 0x00007ffe9a8bd000 	C:\WINDOWS\System32\shlwapi.dll
0x00007ffe99a70000 - 0x00007ffe99a91000 	C:\WINDOWS\SYSTEM32\profapi.dll
0x00007ffe993a0000 - 0x00007ffe993b8000 	C:\WINDOWS\SYSTEM32\CRYPTSP.dll
0x00007ffe98c80000 - 0x00007ffe98cb5000 	C:\WINDOWS\system32\rsaenh.dll
0x00007ffe99240000 - 0x00007ffe99269000 	C:\WINDOWS\SYSTEM32\USERENV.dll
0x00007ffe99520000 - 0x00007ffe99547000 	C:\WINDOWS\SYSTEM32\bcrypt.dll
0x00007ffe99bb0000 - 0x00007ffe99c2f000 	C:\WINDOWS\System32\bcryptprimitives.dll
0x00007ffe99390000 - 0x00007ffe9939c000 	C:\WINDOWS\SYSTEM32\CRYPTBASE.dll
0x000000005a6a0000 - 0x000000005a6ba000 	C:\Program Files\java\jdk1.8.0_45\jre\bin\net.dll
0x00007ffe99150000 - 0x00007ffe991b7000 	C:\WINDOWS\system32\mswsock.dll
0x00007ffe98850000 - 0x00007ffe9887d000 	C:\WINDOWS\SYSTEM32\IPHLPAPI.DLL
0x00007ffe9af30000 - 0x00007ffe9af39000 	C:\WINDOWS\System32\NSI.dll
0x00007ffe930a0000 - 0x00007ffe930b9000 	C:\WINDOWS\SYSTEM32\dhcpcsvc6.DLL
0x00007ffe93c70000 - 0x00007ffe93c8e000 	C:\WINDOWS\SYSTEM32\dhcpcsvc.DLL
0x00007ffe98880000 - 0x00007ffe98968000 	C:\WINDOWS\SYSTEM32\DNSAPI.dll
0x000000005a680000 - 0x000000005a691000 	C:\Program Files\java\jdk1.8.0_45\jre\bin\nio.dll
0x00007ffe961c0000 - 0x00007ffe961ca000 	C:\Users\86185\AppData\Local\Temp\jansi-1.17.1-2377707482936595985.dll
0x00007ffe7dd30000 - 0x00007ffe7dd3a000 	C:\Users\86185\AppData\Local\Temp\jansi-1.17.1-9105346516787665924.dll
0x00007ffe85940000 - 0x00007ffe85b61000 	C:\WINDOWS\SYSTEM32\dbghelp.dll

VM Arguments:
jvm_args: -Dmaven.multiModuleProjectDirectory=D:\workspaceidea\12306-master\next12306 -Dmaven.home=D:\apache-maven-3.6.1 -Dclassworlds.conf=D:\apache-maven-3.6.1\bin\m2.conf -Dmaven.ext.class.path=C:\Program Files\JetBrains\IntelliJ IDEA 2021.1.3\plugins\maven\lib\maven-event-listener.jar -Dfile.encoding=UTF-8 
java_command: org.codehaus.classworlds.Launcher -Didea.version=2021.1.3 -s D:\apache-maven-3.6.1\conf\settings.xml -Dmaven.repo.local=D:\maven install
java_class_path (initial): D:\apache-maven-3.6.1\boot\plexus-classworlds-2.6.0.jar
Launcher Type: SUN_STANDARD

Environment Variables:
JAVA_HOME=C:\Program Files\java\jdk1.8.0_45
PATH=C:\Program Files (x86)\Common Files\Oracle\Java\javapath;D:\Program Files\Python\Scripts\;D:\Program Files\Python\;C:\Program Files (x86)\Common Files\NetSarang;C:\ProgramData\Oracle\Java\javapath;C:\Windows\system32;C:\Windows;C:\Windows\System32\Wbem;C:\Windows\System32\WindowsPowerShell\v1.0\;C:\Windows\System32\OpenSSH\;C:\Program Files (x86)\NVIDIA Corporation\PhysX\Common;C:\Program Files\java\jdk1.8.0_45\bin;D:\mysql-8.0.16-winx64\bin;D:\apache-maven-3.6.1\bin;D:\课程\apache-cxf-3.3.7\bin;D:\Program Files\nodejs\;D:\class\RabbitMQ\erlangInstall\bin;C:\Program Files\TortoiseSVN\bin;C:\WINDOWS\system32;C:\WINDOWS;C:\WINDOWS\System32\Wbem;C:\WINDOWS\System32\WindowsPowerShell\v1.0\;C:\WINDOWS\System32\OpenSSH\;D:\gradle\gradle-5.6.2\bin;C:\Program Files\java\jdk1.8.0_301\bin;D:\git\Git\cmd;D:\git\Git\mingw64\bin;D:\git\Git\usr\bin;%USERPROFILE%\AppData\Local\Microsoft\WindowsApps;%IntelliJ IDEA%\bin;C:\Users\86185\AppData\Roaming\npm;D:\VsCode\Microsoft VS Code\bin;%WebStorm%;D:\工具\qq游戏\QQGameTempest\Hall.57821\
USERNAME=86185
OS=Windows_NT
PROCESSOR_IDENTIFIER=Intel64 Family 6 Model 165 Stepping 2, GenuineIntel



---------------  S Y S T E M  ---------------

OS: Windows 10.0 , 64 bit Build 22000 (10.0.22000.708)

CPU:total 12 (6 cores per cpu, 2 threads per core) family 6 model 165 stepping 2, cmov, cx8, fxsr, mmx, sse, sse2, sse3, ssse3, sse4.1, sse4.2, popcnt, avx, avx2, aes, clmul, erms, 3dnowpref, lzcnt, ht, tsc, tscinvbit, bmi1, bmi2, adx

Memory: 4k page, physical 16611552k(1156952k free), swap 20805856k(2900k free)

vm_info: Java HotSpot(TM) 64-Bit Server VM (25.45-b02) for windows-amd64 JRE (1.8.0_45-b15), built on Apr 30 2015 12:40:44 by "java_re" with MS VC++ 10.0 (VS2010)

time: Thu Sep 29 16:18:33 2022
elapsed time: 4 seconds (0d 0h 0m 4s)

